<?xml version="1.0" encoding="UTF-8"?>
<!-- Generated by org.testng.reporters.JUnitXMLReporter -->
<testsuite ignored="0" hostname="DESKTOP-7EJ77M7" failures="0" tests="4" name="Default test" time="0.077" errors="0" timestamp="2022-09-25T11:16:11 WIB">
  <testcase classname="ujian.ujiankelima.testng.TestParsing" name="testParsingInteger" time="0.009"/>
  <testcase classname="ujian.ujiankelima.testng.TestParsing" name="testParsingDouble" time="0.003"/>
  <testcase classname="ujian.ujiankelima.testng.TestParsing" name="testParsingLong" time="0.001"/>
  <testcase classname="ujian.ujiankelima.testng.TestParsing" name="testParsingFloat" time="0.002"/>
</testsuite> <!-- Default test -->
