<?xml version="1.0" encoding="UTF-8"?>
<testng-results ignored="0" total="4" passed="4" failed="0" skipped="0">
  <reporter-output>
  </reporter-output>
  <suite started-at="2022-09-25T11:16:11 WIB" name="Default suite" finished-at="2022-09-25T11:16:11 WIB" duration-ms="77">
    <groups>
    </groups>
    <test started-at="2022-09-25T11:16:11 WIB" name="Default test" finished-at="2022-09-25T11:16:11 WIB" duration-ms="77">
      <class name="ujian.ujiankelima.testng.TestParsing">
        <test-method is-config="true" signature="befTest()[pri:0, instance:ujian.ujiankelima.testng.TestParsing@6c1a5b54]" started-at="2022-09-25T11:16:11 WIB" name="befTest" finished-at="2022-09-25T11:16:11 WIB" duration-ms="9" status="PASS">
          <reporter-output>
          </reporter-output>
        </test-method> <!-- befTest -->
        <test-method is-config="true" signature="befMethod()[pri:0, instance:ujian.ujiankelima.testng.TestParsing@6c1a5b54]" started-at="2022-09-25T11:16:11 WIB" name="befMethod" finished-at="2022-09-25T11:16:11 WIB" duration-ms="1" status="PASS">
          <reporter-output>
          </reporter-output>
        </test-method> <!-- befMethod -->
        <test-method signature="testParsingInteger()[pri:1, instance:ujian.ujiankelima.testng.TestParsing@6c1a5b54]" started-at="2022-09-25T11:16:11 WIB" name="testParsingInteger" finished-at="2022-09-25T11:16:11 WIB" duration-ms="9" status="PASS">
          <reporter-output>
          </reporter-output>
        </test-method> <!-- testParsingInteger -->
        <test-method is-config="true" signature="aftMethod()[pri:0, instance:ujian.ujiankelima.testng.TestParsing@6c1a5b54]" started-at="2022-09-25T11:16:11 WIB" name="aftMethod" finished-at="2022-09-25T11:16:11 WIB" duration-ms="0" status="PASS">
          <reporter-output>
          </reporter-output>
        </test-method> <!-- aftMethod -->
        <test-method is-config="true" signature="befMethod()[pri:0, instance:ujian.ujiankelima.testng.TestParsing@6c1a5b54]" started-at="2022-09-25T11:16:11 WIB" name="befMethod" finished-at="2022-09-25T11:16:11 WIB" duration-ms="0" status="PASS">
          <reporter-output>
          </reporter-output>
        </test-method> <!-- befMethod -->
        <test-method signature="testParsingDouble()[pri:2, instance:ujian.ujiankelima.testng.TestParsing@6c1a5b54]" started-at="2022-09-25T11:16:11 WIB" name="testParsingDouble" finished-at="2022-09-25T11:16:11 WIB" duration-ms="3" status="PASS">
          <reporter-output>
          </reporter-output>
        </test-method> <!-- testParsingDouble -->
        <test-method is-config="true" signature="aftMethod()[pri:0, instance:ujian.ujiankelima.testng.TestParsing@6c1a5b54]" started-at="2022-09-25T11:16:11 WIB" name="aftMethod" finished-at="2022-09-25T11:16:11 WIB" duration-ms="0" status="PASS">
          <reporter-output>
          </reporter-output>
        </test-method> <!-- aftMethod -->
        <test-method signature="testParsingLong()[pri:3, instance:ujian.ujiankelima.testng.TestParsing@6c1a5b54]" started-at="2022-09-25T11:16:11 WIB" name="testParsingLong" finished-at="2022-09-25T11:16:11 WIB" duration-ms="1" status="PASS">
          <reporter-output>
          </reporter-output>
        </test-method> <!-- testParsingLong -->
        <test-method is-config="true" signature="befMethod()[pri:0, instance:ujian.ujiankelima.testng.TestParsing@6c1a5b54]" started-at="2022-09-25T11:16:11 WIB" name="befMethod" finished-at="2022-09-25T11:16:11 WIB" duration-ms="0" status="PASS">
          <reporter-output>
          </reporter-output>
        </test-method> <!-- befMethod -->
        <test-method is-config="true" signature="aftMethod()[pri:0, instance:ujian.ujiankelima.testng.TestParsing@6c1a5b54]" started-at="2022-09-25T11:16:11 WIB" name="aftMethod" finished-at="2022-09-25T11:16:11 WIB" duration-ms="0" status="PASS">
          <reporter-output>
          </reporter-output>
        </test-method> <!-- aftMethod -->
        <test-method is-config="true" signature="befMethod()[pri:0, instance:ujian.ujiankelima.testng.TestParsing@6c1a5b54]" started-at="2022-09-25T11:16:11 WIB" name="befMethod" finished-at="2022-09-25T11:16:11 WIB" duration-ms="1" status="PASS">
          <reporter-output>
          </reporter-output>
        </test-method> <!-- befMethod -->
        <test-method signature="testParsingFloat()[pri:4, instance:ujian.ujiankelima.testng.TestParsing@6c1a5b54]" started-at="2022-09-25T11:16:11 WIB" name="testParsingFloat" finished-at="2022-09-25T11:16:11 WIB" duration-ms="2" status="PASS">
          <reporter-output>
          </reporter-output>
        </test-method> <!-- testParsingFloat -->
        <test-method is-config="true" signature="aftMethod()[pri:0, instance:ujian.ujiankelima.testng.TestParsing@6c1a5b54]" started-at="2022-09-25T11:16:11 WIB" name="aftMethod" finished-at="2022-09-25T11:16:11 WIB" duration-ms="0" status="PASS">
          <reporter-output>
          </reporter-output>
        </test-method> <!-- aftMethod -->
        <test-method is-config="true" signature="aftTest()[pri:0, instance:ujian.ujiankelima.testng.TestParsing@6c1a5b54]" started-at="2022-09-25T11:16:11 WIB" name="aftTest" finished-at="2022-09-25T11:16:11 WIB" duration-ms="0" status="PASS">
          <reporter-output>
          </reporter-output>
        </test-method> <!-- aftTest -->
      </class> <!-- ujian.ujiankelima.testng.TestParsing -->
    </test> <!-- Default test -->
  </suite> <!-- Default suite -->
</testng-results>
